DEBUG - Unnormalized density for class class1: [  9.81117968e-03   2.90531270e-03   4.35381426e-03   2.22700132e-02
   2.65813802e-03   1.88956064e-02   1.96662235e-03   1.79832319e-02
   9.89355260e-03   1.57004981e-03   4.38846899e-03   1.40329957e-02
   5.34425894e-03   1.42429830e-02   2.72501140e-03   4.14533991e-04
   1.98355677e-02   1.63489914e-02   5.06615329e-03   2.02220750e-02
   1.96482687e-02   2.09432729e-02   5.63319164e-03   2.33419481e-03
   2.10620025e-02   4.07384462e-03   2.76979992e-03   8.35232336e-03
   3.37049153e-03   2.24933637e-03   1.18683769e-02   1.38116532e-02
   1.34498204e-02   2.13581850e-02   2.46491500e-02   2.13888147e-02
   8.63457093e-03   5.05913001e-03   2.15744981e-03   1.72215490e-03
   1.88502107e-03   1.10481683e-02   3.12804090e-03   1.09323105e-02
   2.35115990e-02   1.48782821e-02   1.92386569e-03   4.03547796e-03
   8.40120084e-03   2.52741492e-03   1.84853758e-03   5.02507650e-03
   1.66529138e-02   7.28151973e-03   5.53935394e-03   1.69365190e-02
   1.57377407e-02   6.78721625e-03   1.73570602e-02   1.35014019e-02
   5.91183805e-03   1.68153948e-03   2.98367078e-04   1.63073303e-02
   1.23225552e-02   7.81924195e-03   1.35581053e-04   8.51694862e-03
   1.08712611e-02   5.05822710e-03   5.80158782e-03   1.40710619e-03
   2.42942882e-03   6.25707365e-03   1.01009371e-02   1.44770273e-02
   5.15879205e-03   1.69744329e-02   7.12081774e-03   1.12281583e-02
   1.97450335e-02   2.30850386e-02   2.38985794e-02   1.58619190e-02
   1.39352472e-02   2.11996826e-02   8.59431862e-03   8.65409380e-04
   2.54396265e-03   9.08349116e-03   1.60310502e-02   6.67072500e-03
   7.48198761e-03   3.62092375e-05   4.59868642e-03   2.39708802e-04
   3.30893666e-03   8.39085260e-03   1.01789957e-02   3.09062388e-03]
DEBUG - Unnormalized density for class class2: [  6.48342665e-03   2.00264351e-03   2.66170262e-03   2.27158321e-02
   2.77572127e-03   3.12019556e-02   3.24063927e-03   1.50311451e-02
   1.75169121e-02   2.42251252e-03   3.93959626e-03   1.36493744e-02
   1.04056329e-02   1.37208632e-02   1.85981283e-03   1.34808447e-04
   3.08741997e-02   1.84414942e-02   6.92727835e-03   2.12023483e-02
   2.68431510e-02   2.58522981e-02   1.31444644e-02   1.12051734e-03
   2.44206502e-02   1.23034361e-03   4.38347976e-03   6.19035677e-03
   2.77590578e-03   5.33667820e-03   9.07310536e-03   2.67534106e-02
   1.47695337e-02   2.24878856e-02   2.94493388e-02   2.67821079e-02
   4.89387150e-03   3.94828530e-03   6.73903206e-03   3.98701372e-03
   2.11076780e-03   8.68928078e-03   8.63987613e-04   1.79779530e-02
   3.38329406e-02   2.19381429e-02   6.36642620e-03   1.15978423e-02
   1.88100118e-02   1.23957531e-03   2.19160806e-03   7.64495956e-03
   2.03728050e-02   8.58187585e-03   3.54160586e-03   1.97240279e-02
   2.14975330e-02   1.49044660e-02   3.14045327e-02   1.27505745e-02
   6.02973047e-03   9.50915317e-04   1.14337792e-03   1.50534915e-02
   1.03862286e-02   1.22728635e-02   1.69101016e-04   4.88243549e-03
   1.73444850e-02   6.15488053e-03   1.28909786e-02   2.37283269e-03
   2.90627714e-03   7.60949514e-03   5.73378271e-03   1.00091878e-02
   4.73332152e-03   2.12102406e-02   7.95864853e-03   1.85154452e-02
   2.73103576e-02   2.82280064e-02   3.47552131e-02   1.87833700e-02
   1.82210142e-02   2.23283008e-02   1.04979577e-02   9.54084198e-04
   6.63480031e-03   4.87056102e-03   1.60075839e-02   6.92142175e-03
   3.93536785e-03   1.66160838e-06   8.14482163e-03   5.55074773e-05
   4.34876276e-03   4.35142462e-03   1.36367698e-02   2.80738358e-03]
DEBUG - density normalizer: [  1.62946063e-02   4.90795621e-03   7.01551688e-03   4.49858453e-02
   5.43385929e-03   5.00975620e-02   5.20726163e-03   3.30143770e-02
   2.74104647e-02   3.99256234e-03   8.32806525e-03   2.76823701e-02
   1.57498919e-02   2.79638462e-02   4.58482423e-03   5.49342438e-04
   5.07097675e-02   3.47904856e-02   1.19934316e-02   4.14244233e-02
   4.64914197e-02   4.67955710e-02   1.87776560e-02   3.45471215e-03
   4.54826528e-02   5.30418823e-03   7.15327968e-03   1.45426801e-02
   6.14639732e-03   7.58601457e-03   2.09414823e-02   4.05650638e-02
   2.82193541e-02   4.38460707e-02   5.40984889e-02   4.81709226e-02
   1.35284424e-02   9.00741531e-03   8.89648187e-03   5.70916861e-03
   3.99578887e-03   1.97374491e-02   3.99202851e-03   2.89102635e-02
   5.73445396e-02   3.68164251e-02   8.29029189e-03   1.56333203e-02
   2.72112126e-02   3.76699023e-03   4.04014564e-03   1.26700361e-02
   3.70257188e-02   1.58633956e-02   9.08095979e-03   3.66605470e-02
   3.72352737e-02   2.16916822e-02   4.87615929e-02   2.62519764e-02
   1.19415685e-02   2.63245479e-03   1.44174499e-03   3.13608218e-02
   2.27087838e-02   2.00921055e-02   3.04682069e-04   1.33993841e-02
   2.82157460e-02   1.12131076e-02   1.86925664e-02   3.77993889e-03
   5.33570595e-03   1.38665688e-02   1.58347198e-02   2.44862151e-02
   9.89211356e-03   3.81846735e-02   1.50794663e-02   2.97436035e-02
   4.70553912e-02   5.13130449e-02   5.86537925e-02   3.46452890e-02
   3.21562614e-02   4.35279834e-02   1.90922763e-02   1.81949358e-03
   9.17876296e-03   1.39540522e-02   3.20386341e-02   1.35921467e-02
   1.14173555e-02   3.78708458e-05   1.27435080e-02   2.95216280e-04
   7.65769941e-03   1.27422772e-02   2.38157656e-02   5.89800746e-03]
DEBUG - Successfully fit DA model via ML
DEBUG - pi = {'class1': 0.58999999999999997, 'class2': 0.40999999999999998}
DEBUG - mu = {'class1': array([ 0.0845332 , -0.14882133,  0.01567995]), 'class2': array([ 0.10354813,  0.03542279, -0.15536758])}
DEBUG - Sigma = {'class1': array([[ 0.98889157, -0.08449655,  0.38978148],
       [-0.08449655,  1.16705814, -0.15934363],
       [ 0.38978148, -0.15934363,  0.77928634]]), 'class2': array([[ 1.47839864, -0.03956046, -0.16111453],
       [-0.03956046,  0.84728252,  0.09715698],
       [-0.16111453,  0.09715698,  1.19001357]])}
DEBUG - Unnormalized density for class class1: [  1.29390274e-02   7.08810897e-03   2.83809348e-04   2.62558890e-03
   2.59993927e-02   2.15708402e-03   3.91047220e-02   7.93837015e-03
   6.12326510e-03   1.96448285e-03   2.75939693e-02   1.62315902e-04
   1.30543335e-04   1.02239014e-02   2.25141766e-02   1.47307653e-02
   3.24029724e-03   7.91913946e-03   2.08871554e-04   2.13954618e-02
   5.33637364e-03   2.05098482e-02   4.25685214e-03   1.13699425e-02
   5.01312571e-03   2.05043100e-02   2.82562204e-02   2.73471885e-02
   5.23341085e-03   2.56381422e-03   2.18220184e-02   1.57837458e-02
   4.05572573e-03   5.21716275e-03   3.67817938e-02   2.17974535e-02
   8.13087891e-03   2.25958785e-02   2.99874531e-02   1.72526631e-02
   1.50401607e-02   2.96392397e-03   2.92851017e-02   5.55184058e-03
   1.74575126e-02   1.03536640e-02   3.27348636e-03   1.16103133e-02
   2.35898381e-02   5.58714345e-03   3.45003448e-02   1.13274555e-02
   3.82225243e-02   6.77707755e-03   2.70525010e-02   3.67385522e-02
   6.75494155e-03   2.46153223e-02   2.32330585e-02   2.18743976e-03
   1.21181474e-02   5.67966297e-03   5.90835418e-04   9.75253699e-04
   2.97866922e-03   1.66716856e-02   4.20129191e-02   9.18896768e-03
   3.51697311e-02   3.31613696e-02   1.23437091e-03   7.24790118e-03
   2.99609313e-03   1.73403186e-03   3.44368402e-02   6.65375391e-04
   1.91486424e-02   4.41009859e-02   8.24773068e-03   4.02326298e-03
   1.23296082e-03   5.57669566e-03   2.74841134e-02   8.90099635e-03
   5.34246300e-03   5.59406574e-03   2.23831778e-02   1.55414008e-03
   3.23128464e-02   6.21714539e-07   1.22009147e-02   2.94369674e-02
   1.21008869e-02   5.03506425e-03   5.11867554e-03   9.64945897e-03
   1.87776142e-02   3.25649589e-04   2.30384308e-02   2.63873315e-05]
DEBUG - Unnormalized density for class class2: [  1.26083003e-02   4.74121012e-03   1.42381333e-04   5.09741340e-03
   1.19232396e-02   4.72440743e-03   1.55823457e-02   2.35422494e-03
   2.86997802e-03   2.35538330e-03   9.65173730e-03   1.71345356e-03
   1.08240485e-03   4.92652127e-03   1.14949463e-02   7.23225981e-03
   4.50435236e-03   3.72688084e-03   1.19173183e-03   1.14299080e-02
   2.46925864e-03   1.64792073e-02   3.33221319e-03   2.82527163e-03
   7.68145816e-04   1.18302746e-02   1.46499111e-02   1.42219065e-02
   3.00066351e-03   3.52042951e-03   1.53078620e-02   8.74389562e-03
   2.17391529e-03   1.89592280e-03   2.03965811e-02   1.10896322e-02
   2.21345839e-03   5.62085171e-03   1.71987324e-02   8.74704450e-03
   5.91471985e-03   1.74226461e-03   1.00019661e-02   4.04278748e-03
   1.07845498e-02   2.81526495e-03   2.35098053e-03   2.69627022e-03
   1.09407452e-02   3.75655252e-03   1.75768220e-02   8.14763474e-03
   1.96078184e-02   5.39976371e-03   7.25918829e-03   1.96842497e-02
   2.10729359e-03   1.35455255e-02   1.16865690e-02   6.53453695e-03
   9.76258107e-03   3.20457702e-03   3.16816942e-04   5.08629790e-05
   2.14506858e-04   6.33909457e-03   1.79811382e-02   2.38606597e-03
   1.91994342e-02   1.55341118e-02   4.07642122e-04   7.68366319e-03
   4.49040785e-03   5.96073986e-03   1.60901061e-02   3.30652213e-03
   1.42197078e-02   1.97343240e-02   9.70790763e-03   8.70682037e-03
   6.61306317e-03   8.54547916e-03   1.55189542e-02   4.68192785e-03
   1.01643790e-02   4.31055596e-03   1.54084541e-02   2.03105447e-03
   1.14591938e-02   4.31568382e-04   6.10093503e-03   1.75069928e-02
   7.32895086e-03   3.00736122e-03   6.26965061e-03   4.61569109e-03
   8.86019709e-03   2.08537970e-04   1.20026927e-02   2.44505721e-03]
DEBUG - density normalizer: [ 0.02554733  0.01182932  0.00042619  0.007723    0.03792263  0.00688149
  0.05468707  0.0102926   0.00899324  0.00431987  0.03724571  0.00187577
  0.00121295  0.01515042  0.03400912  0.02196303  0.00774465  0.01164602
  0.0014006   0.03282537  0.00780563  0.03698906  0.00758907  0.01419521
  0.00578127  0.03233458  0.04290613  0.04156909  0.00823407  0.00608424
  0.03712988  0.02452764  0.00622964  0.00711309  0.05717837  0.03288709
  0.01034434  0.02821673  0.04718619  0.02599971  0.02095488  0.00470619
  0.03928707  0.00959463  0.02824206  0.01316893  0.00562447  0.01430658
  0.03453058  0.0093437   0.05207717  0.01947509  0.05783034  0.01217684
  0.03431169  0.0564228   0.00886224  0.03816085  0.03491963  0.00872198
  0.02188073  0.00888424  0.00090765  0.00102612  0.00319318  0.02301078
  0.05999406  0.01157503  0.05436917  0.04869548  0.00164201  0.01493156
  0.0074865   0.00769477  0.05052695  0.0039719   0.03336835  0.06383531
  0.01795564  0.01273008  0.00784602  0.01412217  0.04300307  0.01358292
  0.01550684  0.00990462  0.03779163  0.00358519  0.04377204  0.00043219
  0.01830185  0.04694396  0.01942984  0.00804243  0.01138833  0.01426515
  0.02763781  0.00053419  0.03504112  0.00247144]
DEBUG - Successfully fit DA model via MAP
DEBUG - pi = {'class1': 0.52000000000000002, 'class2': 0.47999999999999998}
DEBUG - mu = {'class1': array([-0.11230682,  0.06550957,  0.08374809]), 'class2': array([ 0.03732601, -0.17387811,  0.07276776])}
DEBUG - Sigma = {'class1': array([[ 0.02546043,  0.00043171, -0.00087552],
       [ 0.00043171,  0.03134135, -0.00434034],
       [-0.00087552, -0.00434034,  0.03083538]]), 'class2': array([[ 0.03479881,  0.00111197,  0.00401621],
       [ 0.00111197,  0.0403606 ,  0.00111386],
       [ 0.00401621,  0.00111386,  0.03728861]])}
DEBUG - Unnormalized density for class class1: [  4.72598327e-014   3.96389413e-050   8.05670659e-031   1.40140753e-053
   5.53913767e-040   2.84259835e-012   1.33707752e-016   1.15740576e-004
   2.59533550e-037   4.84531853e-015   1.00921926e-002   3.92272936e-026
   8.50812147e-015   1.18119149e-012   5.93043822e-017   2.94045682e-028
   9.84511372e-011   2.83403379e-005   3.57232355e-063   1.37641832e-006
   4.66807904e-010   2.04952768e-004   1.80058635e-022   2.47409960e-020
   4.37504577e-020   1.16521530e-007   3.80535156e-004   4.44360753e-021
   3.33524776e-009   2.36946345e-004   3.86027460e-007   2.74854198e-031
   9.04842649e-062   8.60029829e-012   6.44190858e-018   2.67486449e-023
   2.76619578e-005   1.13894342e-024   1.91148155e-040   3.29643624e-014
   7.78563820e-008   7.12948777e-015   1.93237664e-004   1.43962907e-009
   5.66240369e-022   1.81468131e-038   1.04622112e-015   1.77652873e-019
   1.40964261e-012   7.42651378e-059   9.57538959e-020   9.53481491e-022
   1.66441178e-022   9.09841448e-007   4.14869258e-011   8.55202116e-011
   6.10795460e-004   2.52144034e-003   3.78641164e-052   1.24683463e-053
   6.38915631e-007   2.58181492e-031   2.53608961e-024   3.44104040e-022
   2.09537168e-015   8.65638128e-019   2.79472262e-038   2.34273284e-026
   4.84827180e-020   2.96553295e-035   4.07062640e-017   1.28765921e-009
   2.67245961e-005   5.96627801e-034   1.09915747e-017   8.40752348e-029
   2.88498773e-019   3.01750814e-038   5.39223499e-001   3.26426378e-029
   3.36530518e-103   4.75096508e-018   9.89895774e-008   4.41642461e-006
   1.40137920e-010   5.51041362e-017   2.86430821e-002   4.34817424e-003
   2.27717727e-090   7.19247302e-002   2.38558185e-011   4.43537139e-004
   2.52100423e-012   1.76914097e-028   5.08877132e-045   5.40686999e-046
   9.75242484e-016   5.28744487e-032   2.48378232e-039   1.39468967e-027]
DEBUG - Unnormalized density for class class2: [  5.46009449e-07   2.44904220e-44   2.00930930e-28   2.17189282e-49
   7.75111798e-36   6.13434544e-14   1.52242969e-14   2.10487635e-02
   1.82143164e-27   4.26940371e-13   9.25834856e-02   4.45630683e-19
   1.58596472e-13   3.48022713e-07   4.46707017e-09   1.28740710e-29
   2.28308794e-11   7.41873230e-06   6.53885775e-40   2.12395645e-06
   3.74492826e-06   4.19715173e-02   1.53915879e-15   2.72009379e-21
   6.60733051e-20   1.25758146e-03   1.82418920e-01   2.10424481e-20
   3.39864076e-08   4.83873580e-05   1.43524589e-06   3.94578599e-17
   1.26151464e-53   2.61652769e-10   1.75737169e-16   6.94951963e-23
   9.26509294e-06   1.11400692e-14   3.40669805e-38   4.52880145e-12
   5.93581071e-05   3.35972500e-09   3.72373793e-02   8.52298350e-08
   1.90018611e-13   9.00829873e-23   4.90438128e-09   1.35957954e-16
   4.13336722e-09   5.29596538e-40   1.77842048e-13   1.09696265e-17
   2.02685214e-13   6.00143493e-09   1.29948829e-05   6.47819906e-09
   1.45839042e-03   3.81002116e-02   1.65835783e-38   2.58041753e-40
   2.46462230e-03   3.33946559e-18   3.16380775e-26   3.78141442e-12
   4.29813469e-09   1.83670023e-10   1.36102313e-22   4.79861581e-20
   3.83176295e-11   2.51039379e-21   6.32998994e-15   1.12377733e-10
   3.52391917e-07   1.67559432e-29   2.07086280e-16   2.35949292e-27
   6.66267335e-19   1.13171120e-37   2.14758422e-01   8.52590263e-17
   4.42690012e-67   4.37755131e-13   1.80411955e-07   2.66044943e-05
   2.64983026e-10   3.13391437e-17   3.59924976e-04   1.29962858e-03
   6.60662430e-66   2.20728837e-03   9.86501278e-12   1.42703860e-02
   8.72378341e-13   6.21107931e-26   1.96515217e-41   3.95478025e-37
   4.46688594e-17   8.54880228e-33   1.43168597e-23   8.38546627e-16]
DEBUG - density normalizer: [  5.46009496e-07   2.44904616e-44   2.01736601e-28   2.17203296e-49
   7.75167189e-36   2.90394180e-12   1.53580046e-14   2.11645041e-02
   1.82143164e-27   4.31785690e-13   1.02675678e-01   4.45630722e-19
   1.67104594e-13   3.48023894e-07   4.46707023e-09   3.06919753e-28
   1.21282017e-10   3.57590702e-05   6.53885775e-40   3.50037477e-06
   3.74539506e-06   4.21764700e-02   1.53915897e-15   2.74610898e-20
   1.09823763e-19   1.25769798e-03   1.82799455e-01   2.54860557e-20
   3.73216554e-08   2.85333703e-04   1.82127335e-06   3.94578599e-17
   1.26151465e-53   2.70253068e-10   1.82179077e-16   9.62438412e-23
   3.69270507e-05   1.11400692e-14   3.42581286e-38   4.56176582e-12
   5.94359634e-05   3.35973213e-09   3.74306169e-02   8.66694641e-08
   1.90018612e-13   9.00829873e-23   4.90438232e-09   1.36135607e-16
   4.13477687e-09   5.29596538e-40   1.77842144e-13   1.09705800e-17
   2.02685214e-13   9.15842883e-07   1.29949244e-05   6.56371927e-09
   2.06918588e-03   4.06216520e-02   1.65835783e-38   2.58041753e-40
   2.46526121e-03   3.33946559e-18   2.56772768e-24   3.78141442e-12
   4.29813679e-09   1.83670024e-10   1.36102313e-22   4.79861815e-20
   3.83176295e-11   2.51039379e-21   6.37069620e-15   1.40003695e-09
   2.70769880e-05   1.67565398e-29   2.18077855e-16   2.44356816e-27
   9.54766108e-19   1.43346202e-37   7.53981920e-01   8.52590263e-17
   4.42690012e-67   4.37759882e-13   2.79401533e-07   3.10209189e-05
   4.05120946e-10   8.64432799e-17   2.90030071e-02   5.64780282e-03
   6.60662430e-66   7.41320185e-02   3.37208313e-11   1.47139231e-02
   3.39338258e-12   6.22877072e-26   1.96566104e-41   3.95478025e-37
   1.01991134e-15   6.14232510e-32   1.43168597e-23   8.38546627e-16]
DEBUG - Unnormalized density for class class1: [  4.72598327e-014   3.96389413e-050   8.05670659e-031   1.40140753e-053
   5.53913767e-040   2.84259835e-012   1.33707752e-016   1.15740576e-004
   2.59533550e-037   4.84531853e-015   1.00921926e-002   3.92272936e-026
   8.50812147e-015   1.18119149e-012   5.93043822e-017   2.94045682e-028
   9.84511372e-011   2.83403379e-005   3.57232355e-063   1.37641832e-006
   4.66807904e-010   2.04952768e-004   1.80058635e-022   2.47409960e-020
   4.37504577e-020   1.16521530e-007   3.80535156e-004   4.44360753e-021
   3.33524776e-009   2.36946345e-004   3.86027460e-007   2.74854198e-031
   9.04842649e-062   8.60029829e-012   6.44190858e-018   2.67486449e-023
   2.76619578e-005   1.13894342e-024   1.91148155e-040   3.29643624e-014
   7.78563820e-008   7.12948777e-015   1.93237664e-004   1.43962907e-009
   5.66240369e-022   1.81468131e-038   1.04622112e-015   1.77652873e-019
   1.40964261e-012   7.42651378e-059   9.57538959e-020   9.53481491e-022
   1.66441178e-022   9.09841448e-007   4.14869258e-011   8.55202116e-011
   6.10795460e-004   2.52144034e-003   3.78641164e-052   1.24683463e-053
   6.38915631e-007   2.58181492e-031   2.53608961e-024   3.44104040e-022
   2.09537168e-015   8.65638128e-019   2.79472262e-038   2.34273284e-026
   4.84827180e-020   2.96553295e-035   4.07062640e-017   1.28765921e-009
   2.67245961e-005   5.96627801e-034   1.09915747e-017   8.40752348e-029
   2.88498773e-019   3.01750814e-038   5.39223499e-001   3.26426378e-029
   3.36530518e-103   4.75096508e-018   9.89895774e-008   4.41642461e-006
   1.40137920e-010   5.51041362e-017   2.86430821e-002   4.34817424e-003
   2.27717727e-090   7.19247302e-002   2.38558185e-011   4.43537139e-004
   2.52100423e-012   1.76914097e-028   5.08877132e-045   5.40686999e-046
   9.75242484e-016   5.28744487e-032   2.48378232e-039   1.39468967e-027]
DEBUG - Unnormalized density for class class2: [  5.46009449e-07   2.44904220e-44   2.00930930e-28   2.17189282e-49
   7.75111798e-36   6.13434544e-14   1.52242969e-14   2.10487635e-02
   1.82143164e-27   4.26940371e-13   9.25834856e-02   4.45630683e-19
   1.58596472e-13   3.48022713e-07   4.46707017e-09   1.28740710e-29
   2.28308794e-11   7.41873230e-06   6.53885775e-40   2.12395645e-06
   3.74492826e-06   4.19715173e-02   1.53915879e-15   2.72009379e-21
   6.60733051e-20   1.25758146e-03   1.82418920e-01   2.10424481e-20
   3.39864076e-08   4.83873580e-05   1.43524589e-06   3.94578599e-17
   1.26151464e-53   2.61652769e-10   1.75737169e-16   6.94951963e-23
   9.26509294e-06   1.11400692e-14   3.40669805e-38   4.52880145e-12
   5.93581071e-05   3.35972500e-09   3.72373793e-02   8.52298350e-08
   1.90018611e-13   9.00829873e-23   4.90438128e-09   1.35957954e-16
   4.13336722e-09   5.29596538e-40   1.77842048e-13   1.09696265e-17
   2.02685214e-13   6.00143493e-09   1.29948829e-05   6.47819906e-09
   1.45839042e-03   3.81002116e-02   1.65835783e-38   2.58041753e-40
   2.46462230e-03   3.33946559e-18   3.16380775e-26   3.78141442e-12
   4.29813469e-09   1.83670023e-10   1.36102313e-22   4.79861581e-20
   3.83176295e-11   2.51039379e-21   6.32998994e-15   1.12377733e-10
   3.52391917e-07   1.67559432e-29   2.07086280e-16   2.35949292e-27
   6.66267335e-19   1.13171120e-37   2.14758422e-01   8.52590263e-17
   4.42690012e-67   4.37755131e-13   1.80411955e-07   2.66044943e-05
   2.64983026e-10   3.13391437e-17   3.59924976e-04   1.29962858e-03
   6.60662430e-66   2.20728837e-03   9.86501278e-12   1.42703860e-02
   8.72378341e-13   6.21107931e-26   1.96515217e-41   3.95478025e-37
   4.46688594e-17   8.54880228e-33   1.43168597e-23   8.38546627e-16]
DEBUG - density normalizer: [  5.46009496e-07   2.44904616e-44   2.01736601e-28   2.17203296e-49
   7.75167189e-36   2.90394180e-12   1.53580046e-14   2.11645041e-02
   1.82143164e-27   4.31785690e-13   1.02675678e-01   4.45630722e-19
   1.67104594e-13   3.48023894e-07   4.46707023e-09   3.06919753e-28
   1.21282017e-10   3.57590702e-05   6.53885775e-40   3.50037477e-06
   3.74539506e-06   4.21764700e-02   1.53915897e-15   2.74610898e-20
   1.09823763e-19   1.25769798e-03   1.82799455e-01   2.54860557e-20
   3.73216554e-08   2.85333703e-04   1.82127335e-06   3.94578599e-17
   1.26151465e-53   2.70253068e-10   1.82179077e-16   9.62438412e-23
   3.69270507e-05   1.11400692e-14   3.42581286e-38   4.56176582e-12
   5.94359634e-05   3.35973213e-09   3.74306169e-02   8.66694641e-08
   1.90018612e-13   9.00829873e-23   4.90438232e-09   1.36135607e-16
   4.13477687e-09   5.29596538e-40   1.77842144e-13   1.09705800e-17
   2.02685214e-13   9.15842883e-07   1.29949244e-05   6.56371927e-09
   2.06918588e-03   4.06216520e-02   1.65835783e-38   2.58041753e-40
   2.46526121e-03   3.33946559e-18   2.56772768e-24   3.78141442e-12
   4.29813679e-09   1.83670024e-10   1.36102313e-22   4.79861815e-20
   3.83176295e-11   2.51039379e-21   6.37069620e-15   1.40003695e-09
   2.70769880e-05   1.67565398e-29   2.18077855e-16   2.44356816e-27
   9.54766108e-19   1.43346202e-37   7.53981920e-01   8.52590263e-17
   4.42690012e-67   4.37759882e-13   2.79401533e-07   3.10209189e-05
   4.05120946e-10   8.64432799e-17   2.90030071e-02   5.64780282e-03
   6.60662430e-66   7.41320185e-02   3.37208313e-11   1.47139231e-02
   3.39338258e-12   6.22877072e-26   1.96566104e-41   3.95478025e-37
   1.01991134e-15   6.14232510e-32   1.43168597e-23   8.38546627e-16]
DEBUG - Successfully fit DA model via MAP
DEBUG - pi = {'class1': 0.51000000000000001, 'class2': 0.48999999999999999}
DEBUG - mu = {'class1': array([-0.12305482, -0.27689285, -0.26810906]), 'class2': array([-0.06772968, -0.09887283, -0.14397799])}
DEBUG - Sigma = {'class1': array([[ 0.03178845,  0.00154021, -0.00127651],
       [ 0.00154021,  0.03134371,  0.00214667],
       [-0.00127651,  0.00214667,  0.03683165]]), 'class2': array([[ 0.0239502 , -0.00054086,  0.0024273 ],
       [-0.00054086,  0.03076067, -0.00091877],
       [ 0.0024273 , -0.00091877,  0.03027193]])}
DEBUG - Unnormalized density for class class1: [  4.49683610e-03   1.09821949e-26   3.15302841e-01   8.82572296e-25
   6.10385167e-15   3.46071724e-20   5.38378719e-40   8.63650873e-01
   3.49586266e-08   2.22111456e-22   6.52777517e-31   1.77397508e-12
   3.46922130e-07   4.44760841e-07   4.04005655e-17   7.97554875e-09
   5.88747085e-53   3.54303858e-05   5.97377974e-43   4.74544760e-04
   5.87572757e-30   5.93614170e-16   1.40135389e-65   7.19698744e-36
   1.98387564e-09   1.44383871e-04   2.94021589e-09   1.55316737e-04
   9.64919550e-13   2.55807932e-13   5.21772921e-25   5.86489848e-01
   1.10702170e-15   5.73288091e-13   3.68363877e-15   2.33593498e-10
   4.13569392e-08   4.66302880e-20   1.33953682e-14   1.46388905e-34
   4.68533943e-32   2.69701783e-09   2.36825483e-14   1.10009165e-11
   1.48181889e-18   3.50811206e-16   1.51348315e-44   1.00053580e-03
   8.85159158e-06   2.97420138e-18   3.56392026e-18   2.09483321e-05
   1.21900964e-07   1.41105032e-03   6.80404099e-07   2.75977456e-08
   5.63579910e-39   9.02522431e-10   5.11669219e-22   2.80087930e-35
   7.55534747e-05   4.06684235e-06   4.26730327e-31   7.01453050e-14
   3.56810069e-01   1.93158797e-14   1.39764325e-10   1.31490740e-39
   2.94652013e-11   3.91790547e-11   2.02302214e-15   7.33511486e-06
   9.99116032e-26   7.80375626e-13   4.04681947e-09   1.71096931e-15
   4.46810024e-20   7.42085812e-18   5.99233411e-23   1.13571167e-38
   7.70719919e-17   7.27572793e-14   4.84823072e-31   2.97564498e-33
   6.38517316e-57   8.54214203e-09   2.96418218e-16   2.79286914e-09
   8.95904886e-23   5.74674492e-06   3.14074145e-06   3.75335656e-15
   7.33827111e-20   6.70901606e-15   6.30203182e-31   5.03775053e-14
   7.81140254e-10   1.34495801e-26   1.16841638e-21   3.81454304e-11]
DEBUG - Unnormalized density for class class2: [  6.28765695e-05   1.31031312e-32   9.62287539e-01   1.06329632e-29
   4.65992971e-13   8.42855080e-30   3.74754421e-48   3.01614630e-02
   8.66839000e-07   2.84903984e-26   5.96210177e-36   1.97454734e-18
   5.88749112e-05   1.25549158e-10   1.79786035e-26   2.21876842e-11
   1.21565261e-57   1.97740526e-09   3.37865176e-50   2.50314771e-06
   2.22371451e-27   8.96855859e-14   3.86837734e-63   1.03872513e-46
   1.04494393e-08   1.46557204e-06   8.91967967e-15   1.92744279e-04
   5.89096515e-10   3.38634206e-14   6.24389850e-25   1.30343067e-02
   2.69079095e-22   1.44843614e-14   5.81008139e-24   1.49010049e-09
   1.19737367e-06   1.11308969e-16   1.39669876e-13   2.37167130e-42
   1.83043843e-37   8.38068187e-11   1.91623844e-16   4.96205469e-16
   5.96756057e-19   2.50704983e-22   2.75388267e-56   1.64848861e-04
   6.43772956e-09   7.56653270e-27   2.44981144e-27   1.58313911e-04
   3.61944894e-11   2.62296737e-05   3.15988354e-10   8.13268101e-14
   6.56434196e-40   1.03109040e-13   1.75186145e-24   5.48561467e-42
   8.00283555e-09   8.28254959e-07   1.11029294e-27   1.97665773e-19
   5.78095005e-02   3.60620983e-20   1.82900140e-15   6.11624109e-40
   1.48167446e-15   9.38533756e-10   2.09391031e-14   1.86105103e-06
   1.06507330e-26   7.39391287e-11   1.23880955e-11   2.30479174e-17
   1.55048044e-30   1.10954270e-26   6.95522948e-32   7.67147486e-58
   1.87577361e-24   1.17257792e-19   7.15688228e-31   5.40806056e-33
   3.92145602e-64   6.39613275e-10   4.67492853e-16   8.28477463e-13
   1.84138794e-31   1.02394110e-07   4.55189735e-09   9.18431889e-14
   7.01049063e-25   2.24212400e-14   5.05769438e-31   3.51537717e-16
   2.05902443e-09   1.02278841e-32   7.85219110e-26   5.16247355e-15]
DEBUG - density normalizer: [  4.55971267e-03   1.09822080e-26   1.27759038e+00   8.82582929e-25
   4.72096822e-13   3.46071724e-20   5.38378723e-40   8.93812336e-01
   9.01797627e-07   2.22139947e-22   6.52783480e-31   1.77397705e-12
   5.92218334e-05   4.44886390e-07   4.04005656e-17   7.99773643e-09
   5.88759242e-53   3.54323632e-05   5.97378008e-43   4.77047907e-04
   2.22959023e-27   9.02792001e-14   3.88239088e-63   7.19698744e-36
   1.24333149e-08   1.45849443e-04   2.94022481e-09   3.48061016e-04
   5.90061435e-10   2.89671353e-13   1.14616277e-24   5.99524155e-01
   1.10702197e-15   5.87772452e-13   3.68363878e-15   1.72369398e-09
   1.23873061e-06   1.11355600e-16   1.53065244e-13   1.46388908e-34
   4.68535773e-32   2.78082464e-09   2.38741721e-14   1.10014127e-11
   2.07857495e-18   3.50811457e-16   1.51348315e-44   1.16538466e-03
   8.85802931e-06   2.97420138e-18   3.56392026e-18   1.79262243e-04
   1.21937159e-07   1.43727999e-03   6.80720088e-07   2.75978269e-08
   6.29223330e-39   9.02625540e-10   5.13421081e-22   2.80087985e-35
   7.55614776e-05   4.89509730e-06   1.11071967e-27   7.01455027e-14
   4.14619569e-01   1.93159157e-14   1.39766154e-10   1.92653151e-39
   2.94666830e-11   9.77712811e-10   2.29621253e-14   9.19616589e-06
   1.10562336e-25   7.47195043e-11   4.05920757e-09   1.73401722e-15
   4.46810024e-20   7.42085813e-18   5.99233411e-23   1.13571167e-38
   7.70719938e-17   7.27573966e-14   1.20051130e-30   8.38370553e-33
   6.38517355e-57   9.18175530e-09   7.63911071e-16   2.79369762e-09
   8.95904888e-23   5.84913903e-06   3.14529334e-06   9.55965455e-14
   7.33834122e-20   2.91302561e-14   1.13597262e-30   5.07290430e-14
   2.84016468e-09   1.34495903e-26   1.16849490e-21   3.81505929e-11]
DEBUG - Successfully fit DA model via MAP
DEBUG - pi = {'class1': 0.45000000000000001, 'class2': 0.55000000000000004}
DEBUG - mu = {'class1': array([ 0.09452462, -0.02029162, -0.04672724]), 'class2': array([ 0.22476162, -0.15607032, -0.0068568 ])}
DEBUG - Sigma = {'class1': array([[ 0.85758605,  0.37153976,  0.04110732],
       [ 0.37153976,  1.0357218 ,  0.03237781],
       [ 0.04110732,  0.03237781,  0.6172919 ]]), 'class2': array([[ 0.77173265,  0.21478382,  0.14506984],
       [ 0.21478382,  0.83162279, -0.12423726],
       [ 0.14506984, -0.12423726,  0.50172567]])}
DEBUG - Unnormalized density for class class1: [  6.52912530e-03   2.70603550e-02   1.58738212e-02   5.23394953e-03
   1.15191364e-02   4.48462774e-04   1.19154700e-04   3.57532907e-02
   2.71726683e-04   6.82374570e-03   3.46056649e-03   3.37193624e-02
   1.46305757e-03   4.23637108e-03   1.05415781e-02   1.89722257e-02
   2.30673101e-02   1.89355454e-02   3.00870225e-02   1.22262315e-02
   8.37633826e-03   2.24153403e-02   4.76277370e-03   2.95582815e-03
   2.66219783e-02   1.66274547e-03   1.28741993e-02   7.20032747e-03
   2.42938803e-02   3.07255967e-02   2.06208326e-02   1.71468121e-03
   3.86699820e-03   2.72851119e-03   1.01563404e-02   4.09206886e-04
   1.77551168e-02   2.77941219e-02   4.04972098e-03   3.38882888e-02
   3.41737034e-02   7.45709908e-03   2.08583511e-03   2.43345320e-02
   7.56324696e-03   2.77917458e-02   2.59708648e-02   3.47030453e-03
   2.35300109e-02   1.64915431e-02   4.96654028e-03   6.12103958e-04
   2.27650940e-02   3.51014652e-03   1.76152040e-02   8.98229721e-03
   1.17966168e-02   1.47836239e-02   6.62643859e-05   2.73011935e-02
   2.92376443e-02   5.75914251e-03   6.71901897e-03   4.16070115e-03
   1.26534224e-02   7.65148368e-03   1.57673634e-02   1.59570143e-02
   3.98979365e-02   1.29272599e-02   3.23736710e-02   2.25899691e-02
   1.81015993e-02   2.46083403e-03   1.83038805e-02   1.05676874e-02
   2.44905572e-02   3.17021177e-02   2.83373650e-02   4.74905240e-03
   1.10663074e-02   1.03188739e-02   1.69127919e-02   5.51277857e-05
   4.17011810e-03   8.50494610e-03   1.79233704e-02   7.77454500e-03
   2.30110200e-02   2.19726692e-02   4.42237329e-03   3.31109245e-03
   1.49373122e-02   5.16991681e-03   4.46004842e-03   3.12163431e-03
   5.31110544e-03   1.73662638e-02   1.12921073e-02   3.01376427e-02]
DEBUG - Unnormalized density for class class2: [  8.54210155e-03   3.88958618e-02   1.55957747e-02   2.74663112e-03
   1.00145587e-02   2.50394104e-03   6.84888279e-05   5.20899858e-02
   1.26825922e-04   5.65885589e-03   2.28027724e-03   4.92978156e-02
   1.11805314e-03   1.52048749e-03   2.16352214e-02   2.80293379e-02
   2.89857911e-02   2.58281410e-02   5.47932471e-02   2.26698279e-02
   7.42107340e-03   4.61691984e-02   1.60527136e-02   8.25107806e-03
   5.18702760e-02   4.18743476e-04   1.98136776e-02   1.06163274e-02
   2.13511687e-02   4.27041075e-02   3.98405265e-02   1.12510320e-03
   1.31547881e-02   2.87916897e-03   2.32060333e-02   1.51306395e-05
   3.82225854e-02   4.51696353e-02   4.00178560e-03   5.31406458e-02
   5.16073686e-02   1.17799513e-02   1.57484429e-03   3.55214066e-02
   6.04036792e-03   3.24810160e-02   3.46503477e-02   1.78727605e-03
   3.07394961e-02   2.79397250e-02   4.10675846e-03   2.14161034e-04
   3.56160707e-02   3.31570923e-03   2.33498982e-02   7.47569205e-03
   2.96600116e-02   2.03636419e-02   4.15414159e-05   3.09102921e-02
   3.29439449e-02   5.54973879e-03   6.87355514e-03   8.93911410e-04
   1.50389024e-02   4.37762790e-03   2.73499201e-02   2.58769614e-02
   6.03162811e-02   1.20192811e-02   5.37298324e-02   4.55543463e-02
   2.96432992e-02   2.11361165e-03   1.34882438e-02   1.10743104e-02
   2.67520944e-02   5.53293259e-02   3.74657360e-02   7.36235914e-03
   1.19483953e-02   1.26411549e-02   3.11265079e-02   2.21998402e-05
   1.06351217e-02   9.95982956e-03   2.74268052e-02   1.02290782e-02
   3.68517828e-02   2.75817754e-02   5.60713090e-03   1.13233685e-02
   1.56178584e-02   1.63913489e-02   1.38424133e-02   2.23196584e-03
   3.88707009e-03   2.36061053e-02   1.00287592e-02   4.29685019e-02]
DEBUG - density normalizer: [  1.50712268e-02   6.59562168e-02   3.14695959e-02   7.98058065e-03
   2.15336951e-02   2.95240381e-03   1.87643528e-04   8.78432766e-02
   3.98552605e-04   1.24826016e-02   5.74084373e-03   8.30171780e-02
   2.58111071e-03   5.75685858e-03   3.21767995e-02   4.70015636e-02
   5.20531012e-02   4.47636864e-02   8.48802696e-02   3.48960594e-02
   1.57974117e-02   6.85845387e-02   2.08154873e-02   1.12069062e-02
   7.84922543e-02   2.08148895e-03   3.26878769e-02   1.78166548e-02
   4.56450490e-02   7.34297042e-02   6.04613591e-02   2.83978441e-03
   1.70217863e-02   5.60768016e-03   3.33623738e-02   4.24337525e-04
   5.59777022e-02   7.29637572e-02   8.05150658e-03   8.70289346e-02
   8.57810720e-02   1.92370504e-02   3.66067940e-03   5.98559386e-02
   1.36036149e-02   6.02727618e-02   6.06212125e-02   5.25758058e-03
   5.42695070e-02   4.44312680e-02   9.07329874e-03   8.26264992e-04
   5.83811647e-02   6.82585575e-03   4.09651022e-02   1.64579893e-02
   4.14566284e-02   3.51472658e-02   1.07805802e-04   5.82114856e-02
   6.21815892e-02   1.13088813e-02   1.35925741e-02   5.05461256e-03
   2.76923249e-02   1.20291116e-02   4.31172835e-02   4.18339757e-02
   1.00214218e-01   2.49465410e-02   8.61035035e-02   6.81443154e-02
   4.77448985e-02   4.57444568e-03   3.17921243e-02   2.16419978e-02
   5.12426516e-02   8.70314435e-02   6.58031010e-02   1.21114115e-02
   2.30147027e-02   2.29600288e-02   4.80392999e-02   7.73276259e-05
   1.48052398e-02   1.84647757e-02   4.53501755e-02   1.80036232e-02
   5.98628028e-02   4.95544446e-02   1.00295042e-02   1.46344610e-02
   3.05551706e-02   2.15612657e-02   1.83024617e-02   5.35360015e-03
   9.19817553e-03   4.09723691e-02   2.13208665e-02   7.31061446e-02]
